0 info it worked if it ends with ok
1 verbose cli [ '/usr/local/bin/node', '/usr/local/bin/npm', 'start' ]
2 info using npm@3.10.8
3 info using node@v6.9.1
4 verbose run-script [ 'prestart', 'start', 'poststart' ]
5 info lifecycle js-best-practices@1.1.0~prestart: js-best-practices@1.1.0
6 silly lifecycle js-best-practices@1.1.0~prestart: no script for prestart, continuing
7 info lifecycle js-best-practices@1.1.0~start: js-best-practices@1.1.0
8 verbose lifecycle js-best-practices@1.1.0~start: unsafe-perm in lifecycle true
9 verbose lifecycle js-best-practices@1.1.0~start: PATH: /usr/local/lib/node_modules/npm/bin/node-gyp-bin:/Users/du/dev/js-best-practices-workshopper/node_modules/.bin:/Users/du/.fastlane/bin:/usr/local/bin:/usr/bin:/bin:/usr/sbin:/sbin:/opt/X11/bin:/Library/TeX/texbin:/usr/local/opt/android-sdk/platform-tools:/usr/local/opt/android-sdk/tools:/usr/local/grails-2.3.5/bin
10 verbose lifecycle js-best-practices@1.1.0~start: CWD: /Users/du/dev/js-best-practices-workshopper
11 silly lifecycle js-best-practices@1.1.0~start: Args: [ '-c', 'node ./bin/run.js' ]
12 silly lifecycle js-best-practices@1.1.0~start: Returned: code: 1  signal: null
13 info lifecycle js-best-practices@1.1.0~start: Failed to exec start script
14 verbose stack Error: js-best-practices@1.1.0 start: `node ./bin/run.js`
14 verbose stack Exit status 1
14 verbose stack     at EventEmitter.<anonymous> (/usr/local/lib/node_modules/npm/lib/utils/lifecycle.js:255:16)
14 verbose stack     at emitTwo (events.js:106:13)
14 verbose stack     at EventEmitter.emit (events.js:191:7)
14 verbose stack     at ChildProcess.<anonymous> (/usr/local/lib/node_modules/npm/lib/utils/spawn.js:40:14)
14 verbose stack     at emitTwo (events.js:106:13)
14 verbose stack     at ChildProcess.emit (events.js:191:7)
14 verbose stack     at maybeClose (internal/child_process.js:877:16)
14 verbose stack     at Process.ChildProcess._handle.onexit (internal/child_process.js:226:5)
15 verbose pkgid js-best-practices@1.1.0
16 verbose cwd /Users/du/dev/js-best-practices-workshopper
17 error Darwin 16.3.0
18 error argv "/usr/local/bin/node" "/usr/local/bin/npm" "start"
19 error node v6.9.1
20 error npm  v3.10.8
21 error code ELIFECYCLE
22 error js-best-practices@1.1.0 start: `node ./bin/run.js`
22 error Exit status 1
23 error Failed at the js-best-practices@1.1.0 start script 'node ./bin/run.js'.
23 error Make sure you have the latest version of node.js and npm installed.
23 error If you do, this is most likely a problem with the js-best-practices package,
23 error not with npm itself.
23 error Tell the author that this fails on your system:
23 error     node ./bin/run.js
23 error You can get information on how to open an issue for this project with:
23 error     npm bugs js-best-practices
23 error Or if that isn't available, you can get their info via:
23 error     npm owner ls js-best-practices
23 error There is likely additional logging output above.
24 verbose exit [ 1, true ]
